[2024-12-08T18:39:18.795+0000] {manager.py:483} INFO - Processing files using up to 2 processes at a time 
[2024-12-08T18:39:18.796+0000] {manager.py:484} INFO - Process each file at most once every 30 seconds
[2024-12-08T18:39:18.796+0000] {manager.py:485} INFO - Checking for new files in /opt/airflow/dags every 300 seconds
[2024-12-08T18:39:18.797+0000] {manager.py:821} INFO - Searching for files in /opt/airflow/dags
[2024-12-08T18:39:18.799+0000] {manager.py:824} INFO - There are 0 files in /opt/airflow/dags
[2024-12-08T18:42:52.033+0000] {manager.py:465} INFO - Exiting gracefully upon receiving signal 15
[2024-12-08T18:44:02.019+0000] {manager.py:483} INFO - Processing files using up to 2 processes at a time 
[2024-12-08T18:44:02.020+0000] {manager.py:484} INFO - Process each file at most once every 30 seconds
[2024-12-08T18:44:02.021+0000] {manager.py:485} INFO - Checking for new files in /opt/airflow/dags every 300 seconds
[2024-12-08T18:44:02.023+0000] {manager.py:821} INFO - Searching for files in /opt/airflow/dags
[2024-12-08T18:44:02.024+0000] {manager.py:824} INFO - There are 0 files in /opt/airflow/dags
[2024-12-08T18:46:09.798+0000] {manager.py:465} INFO - Exiting gracefully upon receiving signal 15
[2024-12-08T18:47:24.251+0000] {manager.py:483} INFO - Processing files using up to 2 processes at a time 
[2024-12-08T18:47:24.252+0000] {manager.py:484} INFO - Process each file at most once every 30 seconds
[2024-12-08T18:47:24.253+0000] {manager.py:485} INFO - Checking for new files in /opt/airflow/dags every 300 seconds
[2024-12-08T18:47:24.254+0000] {manager.py:821} INFO - Searching for files in /opt/airflow/dags
[2024-12-08T18:47:24.255+0000] {manager.py:824} INFO - There are 0 files in /opt/airflow/dags
[2024-12-08T18:49:14.419+0000] {manager.py:465} INFO - Exiting gracefully upon receiving signal 15
[2024-12-08T18:50:43.790+0000] {manager.py:483} INFO - Processing files using up to 2 processes at a time 
[2024-12-08T18:50:43.795+0000] {manager.py:484} INFO - Process each file at most once every 30 seconds
[2024-12-08T18:50:43.796+0000] {manager.py:485} INFO - Checking for new files in /opt/airflow/dags every 300 seconds
[2024-12-08T18:50:43.797+0000] {manager.py:821} INFO - Searching for files in /opt/airflow/dags
[2024-12-08T18:50:43.798+0000] {manager.py:824} INFO - There are 0 files in /opt/airflow/dags
[2024-12-08T18:54:31.851+0000] {manager.py:465} INFO - Exiting gracefully upon receiving signal 15
[2024-12-08T19:04:38.707+0000] {manager.py:483} INFO - Processing files using up to 2 processes at a time 
[2024-12-08T19:04:38.710+0000] {manager.py:484} INFO - Process each file at most once every 30 seconds
[2024-12-08T19:04:38.710+0000] {manager.py:485} INFO - Checking for new files in /opt/airflow/dags every 300 seconds
[2024-12-08T19:04:38.711+0000] {manager.py:821} INFO - Searching for files in /opt/airflow/dags
[2024-12-08T19:04:38.716+0000] {manager.py:824} INFO - There are 0 files in /opt/airflow/dags
[2024-12-08T19:07:47.931+0000] {manager.py:465} INFO - Exiting gracefully upon receiving signal 15
[2024-12-08T19:08:41.893+0000] {manager.py:483} INFO - Processing files using up to 2 processes at a time 
[2024-12-08T19:08:41.899+0000] {manager.py:484} INFO - Process each file at most once every 30 seconds
[2024-12-08T19:08:41.900+0000] {manager.py:485} INFO - Checking for new files in /opt/airflow/dags every 300 seconds
[2024-12-08T19:08:41.900+0000] {manager.py:821} INFO - Searching for files in /opt/airflow/dags
[2024-12-08T19:08:41.907+0000] {manager.py:824} INFO - There are 0 files in /opt/airflow/dags
[2024-12-08T19:10:48.273+0000] {manager.py:465} INFO - Exiting gracefully upon receiving signal 15
[2024-12-08T19:12:14.642+0000] {manager.py:483} INFO - Processing files using up to 2 processes at a time 
[2024-12-08T19:12:14.643+0000] {manager.py:484} INFO - Process each file at most once every 30 seconds
[2024-12-08T19:12:14.643+0000] {manager.py:485} INFO - Checking for new files in /opt/airflow/dags every 300 seconds
[2024-12-08T19:12:14.644+0000] {manager.py:821} INFO - Searching for files in /opt/airflow/dags
[2024-12-08T19:12:14.645+0000] {manager.py:824} INFO - There are 0 files in /opt/airflow/dags
[2024-12-08T19:15:18.870+0000] {manager.py:465} INFO - Exiting gracefully upon receiving signal 15
[2024-12-08T19:16:32.432+0000] {manager.py:483} INFO - Processing files using up to 2 processes at a time 
[2024-12-08T19:16:32.436+0000] {manager.py:484} INFO - Process each file at most once every 30 seconds
[2024-12-08T19:16:32.436+0000] {manager.py:485} INFO - Checking for new files in /opt/airflow/dags every 300 seconds
[2024-12-08T19:16:32.437+0000] {manager.py:821} INFO - Searching for files in /opt/airflow/dags
[2024-12-08T19:16:32.441+0000] {manager.py:824} INFO - There are 0 files in /opt/airflow/dags
[2024-12-08T19:20:41.905+0000] {manager.py:465} INFO - Exiting gracefully upon receiving signal 15
[2024-12-08T19:26:20.263+0000] {manager.py:483} INFO - Processing files using up to 2 processes at a time 
[2024-12-08T19:26:20.267+0000] {manager.py:484} INFO - Process each file at most once every 30 seconds
[2024-12-08T19:26:20.267+0000] {manager.py:485} INFO - Checking for new files in /opt/airflow/dags every 300 seconds
[2024-12-08T19:26:20.269+0000] {manager.py:821} INFO - Searching for files in /opt/airflow/dags
[2024-12-08T19:26:20.270+0000] {manager.py:824} INFO - There are 0 files in /opt/airflow/dags
[2024-12-08T19:30:07.487+0000] {manager.py:465} INFO - Exiting gracefully upon receiving signal 15
[2024-12-08T19:31:56.669+0000] {manager.py:483} INFO - Processing files using up to 2 processes at a time 
[2024-12-08T19:31:56.963+0000] {manager.py:484} INFO - Process each file at most once every 30 seconds
[2024-12-08T19:31:56.965+0000] {manager.py:485} INFO - Checking for new files in /opt/airflow/dags every 300 seconds
[2024-12-08T19:31:56.967+0000] {manager.py:821} INFO - Searching for files in /opt/airflow/dags
[2024-12-08T19:31:56.972+0000] {manager.py:824} INFO - There are 0 files in /opt/airflow/dags
[2024-12-08T19:35:08.712+0000] {manager.py:465} INFO - Exiting gracefully upon receiving signal 15
[2024-12-08T19:36:47.984+0000] {manager.py:483} INFO - Processing files using up to 2 processes at a time 
[2024-12-08T19:36:47.985+0000] {manager.py:484} INFO - Process each file at most once every 30 seconds
[2024-12-08T19:36:47.986+0000] {manager.py:485} INFO - Checking for new files in /opt/airflow/dags every 300 seconds
[2024-12-08T19:36:47.992+0000] {manager.py:821} INFO - Searching for files in /opt/airflow/dags
[2024-12-08T19:36:47.996+0000] {manager.py:824} INFO - There are 0 files in /opt/airflow/dags
[2024-12-08T19:41:48.850+0000] {manager.py:821} INFO - Searching for files in /opt/airflow/dags
[2024-12-08T19:41:48.861+0000] {manager.py:824} INFO - There are 0 files in /opt/airflow/dags
[2024-12-08T19:46:49.626+0000] {manager.py:821} INFO - Searching for files in /opt/airflow/dags
[2024-12-08T19:46:49.627+0000] {manager.py:824} INFO - There are 0 files in /opt/airflow/dags
[2024-12-08T19:51:50.399+0000] {manager.py:821} INFO - Searching for files in /opt/airflow/dags
[2024-12-08T19:51:50.404+0000] {manager.py:824} INFO - There are 0 files in /opt/airflow/dags
[2024-12-08T19:56:51.184+0000] {manager.py:821} INFO - Searching for files in /opt/airflow/dags
[2024-12-08T19:56:51.190+0000] {manager.py:824} INFO - There are 0 files in /opt/airflow/dags
[2024-12-08T20:01:51.998+0000] {manager.py:821} INFO - Searching for files in /opt/airflow/dags
[2024-12-08T20:01:52.004+0000] {manager.py:824} INFO - There are 0 files in /opt/airflow/dags
[2024-12-08T20:06:52.921+0000] {manager.py:821} INFO - Searching for files in /opt/airflow/dags
[2024-12-08T20:06:52.927+0000] {manager.py:824} INFO - There are 0 files in /opt/airflow/dags
[2024-12-08T20:11:53.727+0000] {manager.py:821} INFO - Searching for files in /opt/airflow/dags
[2024-12-08T20:11:53.733+0000] {manager.py:824} INFO - There are 0 files in /opt/airflow/dags
[2024-12-08T20:16:54.529+0000] {manager.py:821} INFO - Searching for files in /opt/airflow/dags
[2024-12-08T20:16:54.532+0000] {manager.py:824} INFO - There are 0 files in /opt/airflow/dags
[2024-12-08T20:21:55.400+0000] {manager.py:821} INFO - Searching for files in /opt/airflow/dags
[2024-12-08T20:21:55.405+0000] {manager.py:824} INFO - There are 0 files in /opt/airflow/dags
[2024-12-08T20:26:56.213+0000] {manager.py:821} INFO - Searching for files in /opt/airflow/dags
[2024-12-08T20:26:56.216+0000] {manager.py:824} INFO - There are 0 files in /opt/airflow/dags
[2024-12-08T20:31:35.433+0000] {manager.py:465} INFO - Exiting gracefully upon receiving signal 15
[2024-12-08T20:36:21.869+0000] {manager.py:483} INFO - Processing files using up to 2 processes at a time 
[2024-12-08T20:36:21.874+0000] {manager.py:484} INFO - Process each file at most once every 30 seconds
[2024-12-08T20:36:21.875+0000] {manager.py:485} INFO - Checking for new files in /opt/airflow/dags every 300 seconds
[2024-12-08T20:36:21.876+0000] {manager.py:821} INFO - Searching for files in /opt/airflow/dags
[2024-12-08T20:36:21.890+0000] {manager.py:824} INFO - There are 0 files in /opt/airflow/dags
[2024-12-08T20:41:22.701+0000] {manager.py:821} INFO - Searching for files in /opt/airflow/dags
[2024-12-08T20:41:22.774+0000] {manager.py:824} INFO - There are 0 files in /opt/airflow/dags
[2024-12-08T20:46:23.126+0000] {manager.py:821} INFO - Searching for files in /opt/airflow/dags
[2024-12-08T20:46:23.135+0000] {manager.py:824} INFO - There are 0 files in /opt/airflow/dags
[2024-12-08T20:47:36.046+0000] {manager.py:465} INFO - Exiting gracefully upon receiving signal 15
[2024-12-08T20:49:39.057+0000] {manager.py:483} INFO - Processing files using up to 2 processes at a time 
[2024-12-08T20:49:39.062+0000] {manager.py:484} INFO - Process each file at most once every 30 seconds
[2024-12-08T20:49:39.063+0000] {manager.py:485} INFO - Checking for new files in /opt/airflow/dags every 300 seconds
[2024-12-08T20:49:39.068+0000] {manager.py:821} INFO - Searching for files in /opt/airflow/dags
[2024-12-08T20:49:39.069+0000] {manager.py:824} INFO - There are 0 files in /opt/airflow/dags
[2024-12-08T20:54:39.382+0000] {manager.py:821} INFO - Searching for files in /opt/airflow/dags
[2024-12-08T20:54:39.419+0000] {manager.py:824} INFO - There are 0 files in /opt/airflow/dags
[2024-12-08T20:59:39.748+0000] {manager.py:821} INFO - Searching for files in /opt/airflow/dags
[2024-12-08T20:59:39.750+0000] {manager.py:824} INFO - There are 0 files in /opt/airflow/dags
[2024-12-08T21:04:39.837+0000] {manager.py:821} INFO - Searching for files in /opt/airflow/dags
[2024-12-08T21:04:39.844+0000] {manager.py:824} INFO - There are 0 files in /opt/airflow/dags
[2024-12-08T21:06:38.972+0000] {manager.py:465} INFO - Exiting gracefully upon receiving signal 15
[2024-12-08T21:08:32.797+0000] {manager.py:483} INFO - Processing files using up to 2 processes at a time 
[2024-12-08T21:08:32.875+0000] {manager.py:484} INFO - Process each file at most once every 30 seconds
[2024-12-08T21:08:32.920+0000] {manager.py:485} INFO - Checking for new files in /opt/airflow/dags every 300 seconds
[2024-12-08T21:08:32.957+0000] {manager.py:821} INFO - Searching for files in /opt/airflow/dags
[2024-12-08T21:08:32.991+0000] {manager.py:824} INFO - There are 0 files in /opt/airflow/dags
[2024-12-08T21:13:33.240+0000] {manager.py:821} INFO - Searching for files in /opt/airflow/dags
[2024-12-08T21:13:33.301+0000] {manager.py:824} INFO - There are 0 files in /opt/airflow/dags
[2024-12-08T21:18:33.337+0000] {manager.py:821} INFO - Searching for files in /opt/airflow/dags
[2024-12-08T21:18:33.339+0000] {manager.py:824} INFO - There are 0 files in /opt/airflow/dags
[2024-12-08T21:23:08.205+0000] {manager.py:465} INFO - Exiting gracefully upon receiving signal 15
[2024-12-08T21:24:42.076+0000] {manager.py:483} INFO - Processing files using up to 2 processes at a time 
[2024-12-08T21:24:42.081+0000] {manager.py:484} INFO - Process each file at most once every 30 seconds
[2024-12-08T21:24:42.082+0000] {manager.py:485} INFO - Checking for new files in /opt/airflow/dags every 300 seconds
[2024-12-08T21:24:42.083+0000] {manager.py:821} INFO - Searching for files in /opt/airflow/dags
[2024-12-08T21:24:42.087+0000] {manager.py:824} INFO - There are 1 files in /opt/airflow/dags
[2024-12-08T21:24:42.369+0000] {manager.py:997} INFO - 
================================================================================
DAG File Processing Stats

File Path                    PID  Runtime      # DAGs    # Errors  Last Runtime    Last Run      Last # of DB Queries
-------------------------  -----  ---------  --------  ----------  --------------  ----------  ----------------------
/opt/airflow/dags/test.py    161  0.03s             0           0                                                   0
================================================================================
[2024-12-08T21:25:12.675+0000] {manager.py:997} INFO - 
================================================================================
DAG File Processing Stats

File Path                  PID    Runtime      # DAGs    # Errors  Last Runtime    Last Run               Last # of DB Queries
-------------------------  -----  ---------  --------  ----------  --------------  -------------------  ----------------------
/opt/airflow/dags/test.py                           1           0  2.32s           2024-12-08T21:24:44                      43
================================================================================
[2024-12-08T21:25:43.334+0000] {manager.py:997} INFO - 
================================================================================
DAG File Processing Stats

File Path                  PID    Runtime      # DAGs    # Errors  Last Runtime    Last Run               Last # of DB Queries
-------------------------  -----  ---------  --------  ----------  --------------  -------------------  ----------------------
/opt/airflow/dags/test.py                           1           0  1.38s           2024-12-08T21:25:16                      10
================================================================================
[2024-12-08T21:26:13.436+0000] {manager.py:997} INFO - 
================================================================================
DAG File Processing Stats

File Path                  PID    Runtime      # DAGs    # Errors  Last Runtime    Last Run               Last # of DB Queries
-------------------------  -----  ---------  --------  ----------  --------------  -------------------  ----------------------
/opt/airflow/dags/test.py                           1           0  1.63s           2024-12-08T21:25:48                      10
================================================================================
[2024-12-08T21:26:43.451+0000] {manager.py:997} INFO - 
================================================================================
DAG File Processing Stats

File Path                  PID    Runtime      # DAGs    # Errors  Last Runtime    Last Run               Last # of DB Queries
-------------------------  -----  ---------  --------  ----------  --------------  -------------------  ----------------------
/opt/airflow/dags/test.py                           1           0  1.68s           2024-12-08T21:26:20                      10
================================================================================
[2024-12-08T21:27:13.576+0000] {manager.py:997} INFO - 
================================================================================
DAG File Processing Stats

File Path                  PID    Runtime      # DAGs    # Errors  Last Runtime    Last Run               Last # of DB Queries
-------------------------  -----  ---------  --------  ----------  --------------  -------------------  ----------------------
/opt/airflow/dags/test.py                           1           0  3.34s           2024-12-08T21:26:54                      10
================================================================================
[2024-12-08T21:27:44.145+0000] {manager.py:997} INFO - 
================================================================================
DAG File Processing Stats

File Path                  PID    Runtime      # DAGs    # Errors  Last Runtime    Last Run               Last # of DB Queries
-------------------------  -----  ---------  --------  ----------  --------------  -------------------  ----------------------
/opt/airflow/dags/test.py                           1           0  1.31s           2024-12-08T21:27:26                      10
================================================================================
[2024-12-08T21:28:14.871+0000] {manager.py:997} INFO - 
================================================================================
DAG File Processing Stats

File Path                  PID    Runtime      # DAGs    # Errors  Last Runtime    Last Run               Last # of DB Queries
-------------------------  -----  ---------  --------  ----------  --------------  -------------------  ----------------------
/opt/airflow/dags/test.py                           1           0  0.26s           2024-12-08T21:27:56                      10
================================================================================
[2024-12-08T21:28:45.426+0000] {manager.py:997} INFO - 
================================================================================
DAG File Processing Stats

File Path                  PID    Runtime      # DAGs    # Errors  Last Runtime    Last Run               Last # of DB Queries
-------------------------  -----  ---------  --------  ----------  --------------  -------------------  ----------------------
/opt/airflow/dags/test.py                           1           0  0.41s           2024-12-08T21:28:27                      10
================================================================================
[2024-12-08T21:29:15.667+0000] {manager.py:997} INFO - 
================================================================================
DAG File Processing Stats

File Path                  PID    Runtime      # DAGs    # Errors  Last Runtime    Last Run               Last # of DB Queries
-------------------------  -----  ---------  --------  ----------  --------------  -------------------  ----------------------
/opt/airflow/dags/test.py                           1           0  0.73s           2024-12-08T21:28:58                      10
================================================================================
[2024-12-08T21:29:42.704+0000] {manager.py:821} INFO - Searching for files in /opt/airflow/dags
[2024-12-08T21:29:42.727+0000] {manager.py:824} INFO - There are 1 files in /opt/airflow/dags
[2024-12-08T21:29:45.841+0000] {manager.py:997} INFO - 
================================================================================
DAG File Processing Stats

File Path                  PID    Runtime      # DAGs    # Errors  Last Runtime    Last Run               Last # of DB Queries
-------------------------  -----  ---------  --------  ----------  --------------  -------------------  ----------------------
/opt/airflow/dags/test.py                           1           0  0.35s           2024-12-08T21:29:28                      10
================================================================================
[2024-12-08T21:30:16.285+0000] {manager.py:997} INFO - 
================================================================================
DAG File Processing Stats

File Path                  PID    Runtime      # DAGs    # Errors  Last Runtime    Last Run               Last # of DB Queries
-------------------------  -----  ---------  --------  ----------  --------------  -------------------  ----------------------
/opt/airflow/dags/test.py                           1           0  1.97s           2024-12-08T21:30:01                      10
================================================================================
[2024-12-08T21:30:47.019+0000] {manager.py:997} INFO - 
================================================================================
DAG File Processing Stats

File Path                  PID    Runtime      # DAGs    # Errors  Last Runtime    Last Run               Last # of DB Queries
-------------------------  -----  ---------  --------  ----------  --------------  -------------------  ----------------------
/opt/airflow/dags/test.py                           1           0  0.28s           2024-12-08T21:30:31                      10
================================================================================
[2024-12-08T21:31:17.571+0000] {manager.py:997} INFO - 
================================================================================
DAG File Processing Stats

File Path                  PID    Runtime      # DAGs    # Errors  Last Runtime    Last Run               Last # of DB Queries
-------------------------  -----  ---------  --------  ----------  --------------  -------------------  ----------------------
/opt/airflow/dags/test.py                           1           0  1.40s           2024-12-08T21:31:03                      10
================================================================================
[2024-12-08T21:31:47.666+0000] {manager.py:997} INFO - 
================================================================================
DAG File Processing Stats

File Path                  PID    Runtime      # DAGs    # Errors  Last Runtime    Last Run               Last # of DB Queries
-------------------------  -----  ---------  --------  ----------  --------------  -------------------  ----------------------
/opt/airflow/dags/test.py                           1           0  0.58s           2024-12-08T21:31:34                      10
================================================================================
[2024-12-08T21:32:17.906+0000] {manager.py:997} INFO - 
================================================================================
DAG File Processing Stats

File Path                  PID    Runtime      # DAGs    # Errors  Last Runtime    Last Run               Last # of DB Queries
-------------------------  -----  ---------  --------  ----------  --------------  -------------------  ----------------------
/opt/airflow/dags/test.py                           1           0  0.23s           2024-12-08T21:32:04                      10
================================================================================
[2024-12-08T21:32:48.123+0000] {manager.py:997} INFO - 
================================================================================
DAG File Processing Stats

File Path                  PID    Runtime      # DAGs    # Errors  Last Runtime    Last Run               Last # of DB Queries
-------------------------  -----  ---------  --------  ----------  --------------  -------------------  ----------------------
/opt/airflow/dags/test.py                           1           0  3.75s           2024-12-08T21:32:38                      10
================================================================================
[2024-12-08T21:33:18.168+0000] {manager.py:997} INFO - 
================================================================================
DAG File Processing Stats

File Path                  PID    Runtime      # DAGs    # Errors  Last Runtime    Last Run               Last # of DB Queries
-------------------------  -----  ---------  --------  ----------  --------------  -------------------  ----------------------
/opt/airflow/dags/test.py                           1           0  0.45s           2024-12-08T21:33:09                      10
================================================================================
[2024-12-08T21:33:48.291+0000] {manager.py:997} INFO - 
================================================================================
DAG File Processing Stats

File Path                  PID    Runtime      # DAGs    # Errors  Last Runtime    Last Run               Last # of DB Queries
-------------------------  -----  ---------  --------  ----------  --------------  -------------------  ----------------------
/opt/airflow/dags/test.py                           1           0  0.56s           2024-12-08T21:33:40                      10
================================================================================
[2024-12-08T21:34:18.567+0000] {manager.py:997} INFO - 
================================================================================
DAG File Processing Stats

File Path                  PID    Runtime      # DAGs    # Errors  Last Runtime    Last Run               Last # of DB Queries
-------------------------  -----  ---------  --------  ----------  --------------  -------------------  ----------------------
/opt/airflow/dags/test.py                           1           0  0.28s           2024-12-08T21:34:10                      10
================================================================================
[2024-12-08T21:34:43.075+0000] {manager.py:821} INFO - Searching for files in /opt/airflow/dags
[2024-12-08T21:34:43.086+0000] {manager.py:824} INFO - There are 1 files in /opt/airflow/dags
[2024-12-08T21:34:48.602+0000] {manager.py:997} INFO - 
================================================================================
DAG File Processing Stats

File Path                  PID    Runtime      # DAGs    # Errors  Last Runtime    Last Run               Last # of DB Queries
-------------------------  -----  ---------  --------  ----------  --------------  -------------------  ----------------------
/opt/airflow/dags/test.py                           1           0  0.44s           2024-12-08T21:34:41                      10
================================================================================
[2024-12-08T21:35:18.756+0000] {manager.py:997} INFO - 
================================================================================
DAG File Processing Stats

File Path                  PID    Runtime      # DAGs    # Errors  Last Runtime    Last Run               Last # of DB Queries
-------------------------  -----  ---------  --------  ----------  --------------  -------------------  ----------------------
/opt/airflow/dags/test.py                           1           0  0.16s           2024-12-08T21:35:11                      10
================================================================================
[2024-12-08T21:35:49.469+0000] {manager.py:997} INFO - 
================================================================================
DAG File Processing Stats

File Path                  PID    Runtime      # DAGs    # Errors  Last Runtime    Last Run               Last # of DB Queries
-------------------------  -----  ---------  --------  ----------  --------------  -------------------  ----------------------
/opt/airflow/dags/test.py                           1           0  0.39s           2024-12-08T21:35:42                      10
================================================================================
[2024-12-08T21:36:20.306+0000] {manager.py:997} INFO - 
================================================================================
DAG File Processing Stats

File Path                  PID    Runtime      # DAGs    # Errors  Last Runtime    Last Run               Last # of DB Queries
-------------------------  -----  ---------  --------  ----------  --------------  -------------------  ----------------------
/opt/airflow/dags/test.py                           1           0  0.41s           2024-12-08T21:36:13                      10
================================================================================
[2024-12-08T21:36:50.957+0000] {manager.py:997} INFO - 
================================================================================
DAG File Processing Stats

File Path                  PID    Runtime      # DAGs    # Errors  Last Runtime    Last Run               Last # of DB Queries
-------------------------  -----  ---------  --------  ----------  --------------  -------------------  ----------------------
/opt/airflow/dags/test.py                           1           0  0.20s           2024-12-08T21:36:43                      10
================================================================================
[2024-12-08T21:37:21.092+0000] {manager.py:997} INFO - 
================================================================================
DAG File Processing Stats

File Path                  PID    Runtime      # DAGs    # Errors  Last Runtime    Last Run               Last # of DB Queries
-------------------------  -----  ---------  --------  ----------  --------------  -------------------  ----------------------
/opt/airflow/dags/test.py                           1           0  0.62s           2024-12-08T21:37:14                      10
================================================================================
[2024-12-08T21:37:51.591+0000] {manager.py:997} INFO - 
================================================================================
DAG File Processing Stats

File Path                  PID    Runtime      # DAGs    # Errors  Last Runtime    Last Run               Last # of DB Queries
-------------------------  -----  ---------  --------  ----------  --------------  -------------------  ----------------------
/opt/airflow/dags/test.py                           1           0  0.59s           2024-12-08T21:37:45                      10
================================================================================
[2024-12-08T21:38:22.228+0000] {manager.py:997} INFO - 
================================================================================
DAG File Processing Stats

File Path                  PID    Runtime      # DAGs    # Errors  Last Runtime    Last Run               Last # of DB Queries
-------------------------  -----  ---------  --------  ----------  --------------  -------------------  ----------------------
/opt/airflow/dags/test.py                           1           0  0.46s           2024-12-08T21:38:16                      10
================================================================================
[2024-12-08T21:38:52.359+0000] {manager.py:997} INFO - 
================================================================================
DAG File Processing Stats

File Path                  PID    Runtime      # DAGs    # Errors  Last Runtime    Last Run               Last # of DB Queries
-------------------------  -----  ---------  --------  ----------  --------------  -------------------  ----------------------
/opt/airflow/dags/test.py                           1           0  0.58s           2024-12-08T21:38:47                      10
================================================================================
[2024-12-08T21:39:22.891+0000] {manager.py:997} INFO - 
================================================================================
DAG File Processing Stats

File Path                  PID    Runtime      # DAGs    # Errors  Last Runtime    Last Run               Last # of DB Queries
-------------------------  -----  ---------  --------  ----------  --------------  -------------------  ----------------------
/opt/airflow/dags/test.py                           1           0  0.45s           2024-12-08T21:39:17                      10
================================================================================
[2024-12-08T21:39:43.210+0000] {manager.py:821} INFO - Searching for files in /opt/airflow/dags
[2024-12-08T21:39:43.218+0000] {manager.py:824} INFO - There are 1 files in /opt/airflow/dags
[2024-12-08T21:39:53.583+0000] {manager.py:997} INFO - 
================================================================================
DAG File Processing Stats

File Path                  PID    Runtime      # DAGs    # Errors  Last Runtime    Last Run               Last # of DB Queries
-------------------------  -----  ---------  --------  ----------  --------------  -------------------  ----------------------
/opt/airflow/dags/test.py                           1           0  0.42s           2024-12-08T21:39:48                      10
================================================================================
[2024-12-08T21:40:23.634+0000] {manager.py:997} INFO - 
================================================================================
DAG File Processing Stats

File Path                  PID    Runtime      # DAGs    # Errors  Last Runtime    Last Run               Last # of DB Queries
-------------------------  -----  ---------  --------  ----------  --------------  -------------------  ----------------------
/opt/airflow/dags/test.py                           1           0  0.53s           2024-12-08T21:40:19                      10
================================================================================
[2024-12-08T21:40:54.152+0000] {manager.py:997} INFO - 
================================================================================
DAG File Processing Stats

File Path                  PID    Runtime      # DAGs    # Errors  Last Runtime    Last Run               Last # of DB Queries
-------------------------  -----  ---------  --------  ----------  --------------  -------------------  ----------------------
/opt/airflow/dags/test.py                           1           0  0.32s           2024-12-08T21:40:50                      10
================================================================================
[2024-12-08T21:41:24.802+0000] {manager.py:997} INFO - 
================================================================================
DAG File Processing Stats

File Path                  PID    Runtime      # DAGs    # Errors  Last Runtime    Last Run               Last # of DB Queries
-------------------------  -----  ---------  --------  ----------  --------------  -------------------  ----------------------
/opt/airflow/dags/test.py                           1           0  0.26s           2024-12-08T21:41:20                      10
================================================================================
[2024-12-08T21:41:55.478+0000] {manager.py:997} INFO - 
================================================================================
DAG File Processing Stats

File Path                  PID    Runtime      # DAGs    # Errors  Last Runtime    Last Run               Last # of DB Queries
-------------------------  -----  ---------  --------  ----------  --------------  -------------------  ----------------------
/opt/airflow/dags/test.py                           1           0  0.40s           2024-12-08T21:41:51                      10
================================================================================
[2024-12-08T21:42:25.984+0000] {manager.py:997} INFO - 
================================================================================
DAG File Processing Stats

File Path                  PID    Runtime      # DAGs    # Errors  Last Runtime    Last Run               Last # of DB Queries
-------------------------  -----  ---------  --------  ----------  --------------  -------------------  ----------------------
/opt/airflow/dags/test.py                           1           0  0.18s           2024-12-08T21:42:22                      10
================================================================================
[2024-12-08T21:42:56.681+0000] {manager.py:997} INFO - 
================================================================================
DAG File Processing Stats

File Path                  PID    Runtime      # DAGs    # Errors  Last Runtime    Last Run               Last # of DB Queries
-------------------------  -----  ---------  --------  ----------  --------------  -------------------  ----------------------
/opt/airflow/dags/test.py                           1           0  0.26s           2024-12-08T21:42:52                      10
================================================================================
[2024-12-08T21:43:27.315+0000] {manager.py:997} INFO - 
================================================================================
DAG File Processing Stats

File Path                  PID    Runtime      # DAGs    # Errors  Last Runtime    Last Run               Last # of DB Queries
-------------------------  -----  ---------  --------  ----------  --------------  -------------------  ----------------------
/opt/airflow/dags/test.py                           1           0  0.49s           2024-12-08T21:43:23                      10
================================================================================
[2024-12-08T21:43:57.368+0000] {manager.py:997} INFO - 
================================================================================
DAG File Processing Stats

File Path                  PID    Runtime      # DAGs    # Errors  Last Runtime    Last Run               Last # of DB Queries
-------------------------  -----  ---------  --------  ----------  --------------  -------------------  ----------------------
/opt/airflow/dags/test.py                           1           0  0.47s           2024-12-08T21:43:54                      10
================================================================================
[2024-12-08T21:44:27.572+0000] {manager.py:997} INFO - 
================================================================================
DAG File Processing Stats

File Path                  PID    Runtime      # DAGs    # Errors  Last Runtime    Last Run               Last # of DB Queries
-------------------------  -----  ---------  --------  ----------  --------------  -------------------  ----------------------
/opt/airflow/dags/test.py                           1           0  0.21s           2024-12-08T21:44:24                      10
================================================================================
[2024-12-08T21:44:43.795+0000] {manager.py:821} INFO - Searching for files in /opt/airflow/dags
[2024-12-08T21:44:43.802+0000] {manager.py:824} INFO - There are 1 files in /opt/airflow/dags
[2024-12-08T21:44:58.133+0000] {manager.py:997} INFO - 
================================================================================
DAG File Processing Stats

File Path                  PID    Runtime      # DAGs    # Errors  Last Runtime    Last Run               Last # of DB Queries
-------------------------  -----  ---------  --------  ----------  --------------  -------------------  ----------------------
/opt/airflow/dags/test.py                           1           0  0.35s           2024-12-08T21:44:55                      10
================================================================================
[2024-12-08T21:45:28.490+0000] {manager.py:997} INFO - 
================================================================================
DAG File Processing Stats

File Path                  PID    Runtime      # DAGs    # Errors  Last Runtime    Last Run               Last # of DB Queries
-------------------------  -----  ---------  --------  ----------  --------------  -------------------  ----------------------
/opt/airflow/dags/test.py                           1           0  0.21s           2024-12-08T21:45:25                      10
================================================================================
[2024-12-08T21:45:58.914+0000] {manager.py:997} INFO - 
================================================================================
DAG File Processing Stats

File Path                  PID    Runtime      # DAGs    # Errors  Last Runtime    Last Run               Last # of DB Queries
-------------------------  -----  ---------  --------  ----------  --------------  -------------------  ----------------------
/opt/airflow/dags/test.py                           1           0  0.17s           2024-12-08T21:45:56                      10
================================================================================
[2024-12-08T21:46:29.489+0000] {manager.py:997} INFO - 
================================================================================
DAG File Processing Stats

File Path                  PID    Runtime      # DAGs    # Errors  Last Runtime    Last Run               Last # of DB Queries
-------------------------  -----  ---------  --------  ----------  --------------  -------------------  ----------------------
/opt/airflow/dags/test.py                           1           0  0.22s           2024-12-08T21:46:26                      10
================================================================================
[2024-12-08T21:46:50.187+0000] {manager.py:465} INFO - Exiting gracefully upon receiving signal 15
